<?xml version="1.0" encoding="UTF-8"?>
<testng-results skipped="0" failed="1" ignored="1" total="10" passed="8">
  <reporter-output>
    <line>
      <![CDATA[Sign-in clicked successfully]]>
    </line>
    <line>
      <![CDATA[username entered successfully]]>
    </line>
    <line>
      <![CDATA[password entered successfully]]>
    </line>
  </reporter-output>
  <suite name="Test Suite" duration-ms="148713" started-at="2018-11-20T17:10:28Z" finished-at="2018-11-20T17:12:57Z">
    <groups>
    </groups>
    <test name="TestNG Test" duration-ms="148713" started-at="2018-11-20T17:10:28Z" finished-at="2018-11-20T17:12:57Z">
      <class name="stepDefinitions.Login">
        <test-method status="PASS" signature="click_login()[pri:5, instance:stepDefinitions.Login@5e5792a0]" name="click_login" duration-ms="4127" started-at="2018-11-20T17:12:02Z" finished-at="2018-11-20T17:12:07Z">
          <reporter-output>
            <line>
              <![CDATA[Sign-in clicked successfully]]>
            </line>
          </reporter-output>
        </test-method> <!-- click_login -->
        <test-method status="PASS" signature="user_enters_the_username(java.lang.String)[pri:6, instance:stepDefinitions.Login@5e5792a0]" name="user_enters_the_username" duration-ms="3088" started-at="2018-11-20T17:12:07Z" finished-at="2018-11-20T17:12:10Z">
          <params>
            <param index="0">
              <value>
                <![CDATA[mercury]]>
              </value>
            </param>
          </params>
          <reporter-output>
            <line>
              <![CDATA[username entered successfully]]>
            </line>
          </reporter-output>
        </test-method> <!-- user_enters_the_username -->
        <test-method status="FAIL" signature="user_enters_the_password(java.lang.String)[pri:7, instance:stepDefinitions.Login@5e5792a0]" name="user_enters_the_password" duration-ms="13105" started-at="2018-11-20T17:12:10Z" finished-at="2018-11-20T17:12:23Z">
          <params>
            <param index="0">
              <value>
                <![CDATA[mercury]]>
              </value>
            </param>
          </params>
          <exception class="org.openqa.selenium.NoSuchElementException">
            <message>
              <![CDATA[no such element: Unable to locate element: {"method":"name","selector":"user"}
  (Session info: chrome=70.0.3538.102)
  (Driver info: chromedriver=2.38.552522 (437e6fbedfa8762dec75e2c5b3ddb86763dc9dcb),platform=Windows NT 10.0.17763 x86_64) (WARNING: The server did not provide any stacktrace information)
Command duration or timeout: 0 milliseconds
For documentation on this error, please visit: http://seleniumhq.org/exceptions/no_such_element.html
Build info: version: '3.13.0', revision: '2f0d292', time: '2018-06-25T15:32:14.902Z'
System info: host: 'VIKKYARADHYA', ip: '192.168.1.3', os.name: 'Windows 10', os.arch: 'amd64', os.version: '10.0', java.version: '1.8.0_171'
Driver info: org.openqa.selenium.chrome.ChromeDriver
Capabilities {acceptInsecureCerts: false, acceptSslCerts: false, applicationCacheEnabled: false, browserConnectionEnabled: false, browserName: chrome, chrome: {chromedriverVersion: 2.38.552522 (437e6fbedfa876..., userDataDir: C:\Users\vikky\AppData\Loca...}, cssSelectorsEnabled: true, databaseEnabled: false, handlesAlerts: true, hasTouchScreen: false, javascriptEnabled: true, locationContextEnabled: true, mobileEmulationEnabled: false, nativeEvents: true, networkConnectionEnabled: false, pageLoadStrategy: normal, platform: XP, platformName: XP, rotatable: false, setWindowRect: true, takesHeapSnapshot: true, takesScreenshot: true, unexpectedAlertBehaviour: , unhandledPromptBehavior: , version: 70.0.3538.102, webStorageEnabled: true}
Session ID: e8d745d98215a8831b1fe406dfd39fc7
*** Element info: {Using=name, value=user}]]>
            </message>
            <full-stacktrace>
              <![CDATA[org.openqa.selenium.NoSuchElementException: no such element: Unable to locate element: {"method":"name","selector":"user"}
  (Session info: chrome=70.0.3538.102)
  (Driver info: chromedriver=2.38.552522 (437e6fbedfa8762dec75e2c5b3ddb86763dc9dcb),platform=Windows NT 10.0.17763 x86_64) (WARNING: The server did not provide any stacktrace information)
Command duration or timeout: 0 milliseconds
For documentation on this error, please visit: http://seleniumhq.org/exceptions/no_such_element.html
Build info: version: '3.13.0', revision: '2f0d292', time: '2018-06-25T15:32:14.902Z'
System info: host: 'VIKKYARADHYA', ip: '192.168.1.3', os.name: 'Windows 10', os.arch: 'amd64', os.version: '10.0', java.version: '1.8.0_171'
Driver info: org.openqa.selenium.chrome.ChromeDriver
Capabilities {acceptInsecureCerts: false, acceptSslCerts: false, applicationCacheEnabled: false, browserConnectionEnabled: false, browserName: chrome, chrome: {chromedriverVersion: 2.38.552522 (437e6fbedfa876..., userDataDir: C:\Users\vikky\AppData\Loca...}, cssSelectorsEnabled: true, databaseEnabled: false, handlesAlerts: true, hasTouchScreen: false, javascriptEnabled: true, locationContextEnabled: true, mobileEmulationEnabled: false, nativeEvents: true, networkConnectionEnabled: false, pageLoadStrategy: normal, platform: XP, platformName: XP, rotatable: false, setWindowRect: true, takesHeapSnapshot: true, takesScreenshot: true, unexpectedAlertBehaviour: , unhandledPromptBehavior: , version: 70.0.3538.102, webStorageEnabled: true}
Session ID: e8d745d98215a8831b1fe406dfd39fc7
*** Element info: {Using=name, value=user}
at sun.reflect.NativeConstructorAccessorImpl.newInstance0(Native Method)
at sun.reflect.NativeConstructorAccessorImpl.newInstance(Unknown Source)
at sun.reflect.DelegatingConstructorAccessorImpl.newInstance(Unknown Source)
at java.lang.reflect.Constructor.newInstance(Unknown Source)
at org.openqa.selenium.remote.ErrorHandler.createThrowable(ErrorHandler.java:214)
at org.openqa.selenium.remote.ErrorHandler.throwIfResponseFailed(ErrorHandler.java:166)
at org.openqa.selenium.remote.http.JsonHttpResponseCodec.reconstructValue(JsonHttpResponseCodec.java:40)
at org.openqa.selenium.remote.http.AbstractHttpResponseCodec.decode(AbstractHttpResponseCodec.java:80)
at org.openqa.selenium.remote.http.AbstractHttpResponseCodec.decode(AbstractHttpResponseCodec.java:44)
at org.openqa.selenium.remote.HttpCommandExecutor.execute(HttpCommandExecutor.java:158)
at org.openqa.selenium.remote.service.DriverCommandExecutor.execute(DriverCommandExecutor.java:83)
at org.openqa.selenium.remote.RemoteWebDriver.execute(RemoteWebDriver.java:548)
at org.openqa.selenium.remote.RemoteWebDriver.findElement(RemoteWebDriver.java:322)
at org.openqa.selenium.remote.RemoteWebDriver.findElementByName(RemoteWebDriver.java:400)
at org.openqa.selenium.By$ByName.findElement(By.java:284)
at org.openqa.selenium.remote.RemoteWebDriver.findElement(RemoteWebDriver.java:314)
at stepDefinitions.Login.user_enters_the_password(Login.java:35)
at sun.reflect.NativeMethodAccessorImpl.invoke0(Native Method)
at sun.reflect.NativeMethodAccessorImpl.invoke(Unknown Source)
at sun.reflect.DelegatingMethodAccessorImpl.invoke(Unknown Source)
at java.lang.reflect.Method.invoke(Unknown Source)
at org.testng.internal.MethodInvocationHelper.invokeMethod(MethodInvocationHelper.java:124)
at org.testng.internal.Invoker.invokeMethod(Invoker.java:580)
at org.testng.internal.Invoker.invokeTestMethod(Invoker.java:716)
at org.testng.internal.Invoker.invokeTestMethods(Invoker.java:988)
at org.testng.internal.TestMethodWorker.invokeTestMethods(TestMethodWorker.java:125)
at org.testng.internal.TestMethodWorker.run(TestMethodWorker.java:109)
at org.testng.TestRunner.privateRun(TestRunner.java:648)
at org.testng.TestRunner.run(TestRunner.java:505)
at org.testng.SuiteRunner.runTest(SuiteRunner.java:455)
at org.testng.SuiteRunner.runSequentially(SuiteRunner.java:450)
at org.testng.SuiteRunner.privateRun(SuiteRunner.java:415)
at org.testng.SuiteRunner.run(SuiteRunner.java:364)
at org.testng.SuiteRunnerWorker.runSuite(SuiteRunnerWorker.java:52)
at org.testng.SuiteRunnerWorker.run(SuiteRunnerWorker.java:84)
at org.testng.TestNG.runSuitesSequentially(TestNG.java:1208)
at org.testng.TestNG.runSuitesLocally(TestNG.java:1137)
at org.testng.TestNG.runSuites(TestNG.java:1049)
at org.testng.TestNG.run(TestNG.java:1017)
at org.testng.remote.AbstractRemoteTestNG.run(AbstractRemoteTestNG.java:114)
at org.testng.remote.RemoteTestNG.initAndRun(RemoteTestNG.java:251)
at org.testng.remote.RemoteTestNG.main(RemoteTestNG.java:77)
]]>
            </full-stacktrace>
          </exception> <!-- org.openqa.selenium.NoSuchElementException -->
          <reporter-output>
            <line>
              <![CDATA[password entered successfully]]>
            </line>
          </reporter-output>
        </test-method> <!-- user_enters_the_password -->
        <test-method status="PASS" signature="user_clicks_on_Login()[pri:8, instance:stepDefinitions.Login@5e5792a0]" name="user_clicks_on_Login" duration-ms="32688" started-at="2018-11-20T17:12:23Z" finished-at="2018-11-20T17:12:56Z">
          <reporter-output>
          </reporter-output>
        </test-method> <!-- user_clicks_on_Login -->
      </class> <!-- stepDefinitions.Login -->
      <class name="stepDefinitions.OpenApp">
        <test-method status="PASS" signature="user_opens_browser(java.lang.String)[pri:0, instance:stepDefinitions.OpenApp@28d25987]" name="user_opens_browser" is-config="true" duration-ms="5867" started-at="2018-11-20T17:10:28Z" finished-at="2018-11-20T17:10:34Z">
          <params>
            <param index="0">
              <value>
                <![CDATA[chrome]]>
              </value>
            </param>
          </params>
          <reporter-output>
          </reporter-output>
        </test-method> <!-- user_opens_browser -->
        <test-method status="PASS" signature="user_quits_the_browser()[pri:0, instance:stepDefinitions.OpenApp@28d25987]" name="user_quits_the_browser" is-config="true" duration-ms="820" started-at="2018-11-20T17:12:56Z" finished-at="2018-11-20T17:12:57Z">
          <reporter-output>
          </reporter-output>
        </test-method> <!-- user_quits_the_browser -->
      </class> <!-- stepDefinitions.OpenApp -->
      <class name="stepDefinitions.Register">
        <test-method status="PASS" signature="click_register()[pri:0, instance:stepDefinitions.Register@4501b7af]" name="click_register" duration-ms="4187" started-at="2018-11-20T17:10:34Z" finished-at="2018-11-20T17:10:38Z">
          <reporter-output>
          </reporter-output>
        </test-method> <!-- click_register -->
        <test-method status="PASS" signature="set_contact_information()[pri:0, instance:stepDefinitions.Register@4501b7af]" name="set_contact_information" duration-ms="12418" started-at="2018-11-20T17:10:38Z" depends-on-methods="stepDefinitions.Register.click_register" finished-at="2018-11-20T17:10:50Z">
          <reporter-output>
          </reporter-output>
        </test-method> <!-- set_contact_information -->
        <test-method status="PASS" signature="set_mailing_information()[pri:0, instance:stepDefinitions.Register@4501b7af]" name="set_mailing_information" duration-ms="25571" started-at="2018-11-20T17:10:50Z" depends-on-methods="stepDefinitions.Register.set_contact_information" finished-at="2018-11-20T17:11:16Z">
          <reporter-output>
          </reporter-output>
        </test-method> <!-- set_mailing_information -->
        <test-method status="PASS" signature="set_user_information(java.lang.String, java.lang.String, java.lang.String)[pri:0, instance:stepDefinitions.Register@4501b7af]" name="set_user_information" duration-ms="9256" started-at="2018-11-20T17:11:16Z" data-provider="Authentication" depends-on-methods="stepDefinitions.Register.set_mailing_information" finished-at="2018-11-20T17:11:25Z">
          <params>
            <param index="0">
              <value>
                <![CDATA[mercury]]>
              </value>
            </param>
            <param index="1">
              <value>
                <![CDATA[mercury]]>
              </value>
            </param>
            <param index="2">
              <value>
                <![CDATA[mercury]]>
              </value>
            </param>
          </params>
          <reporter-output>
          </reporter-output>
        </test-method> <!-- set_user_information -->
        <test-method status="PASS" signature="click_submitregister()[pri:0, instance:stepDefinitions.Register@4501b7af]" name="click_submitregister" duration-ms="37258" started-at="2018-11-20T17:11:25Z" depends-on-methods="stepDefinitions.Register.set_user_information" finished-at="2018-11-20T17:12:02Z">
          <reporter-output>
          </reporter-output>
        </test-method> <!-- click_submitregister -->
      </class> <!-- stepDefinitions.Register -->
    </test> <!-- TestNG Test -->
  </suite> <!-- Test Suite -->
</testng-results>
